<?xml version="1.0" encoding="UTF-8"?>
<testsuite name="ParserTest" tests="4" skipped="0" failures="0" errors="0" timestamp="2020-12-05T02:56:32" hostname="oleksiipc" time="0.165">
  <properties/>
  <testcase name="SAXParserTest" classname="ParserTest" time="0.126"/>
  <testcase name="DOMParserTest" classname="ParserTest" time="0.022"/>
  <testcase name="StaxParserTest" classname="ParserTest" time="0.017"/>
  <testcase name="XMLHandlerTest" classname="ParserTest" time="0.0"/>
  <system-out><![CDATA[]]></system-out>
  <system-err><![CDATA[]]></system-err>
</testsuite>
